mode: set
github.com/gabihodoroaga/speedtest-api/pkg/api/netflix.go:12.60,17.16 3 0
github.com/gabihodoroaga/speedtest-api/pkg/api/netflix.go:22.2,23.16 2 0
github.com/gabihodoroaga/speedtest-api/pkg/api/netflix.go:28.2,31.12 3 0
github.com/gabihodoroaga/speedtest-api/pkg/api/netflix.go:41.2,42.16 2 0
github.com/gabihodoroaga/speedtest-api/pkg/api/netflix.go:46.2,46.61 1 0
github.com/gabihodoroaga/speedtest-api/pkg/api/netflix.go:17.16,19.3 1 0
github.com/gabihodoroaga/speedtest-api/pkg/api/netflix.go:23.16,25.3 1 0
github.com/gabihodoroaga/speedtest-api/pkg/api/netflix.go:31.12,34.30 3 0
github.com/gabihodoroaga/speedtest-api/pkg/api/netflix.go:38.3,38.45 1 0
github.com/gabihodoroaga/speedtest-api/pkg/api/netflix.go:34.30,37.4 2 0
github.com/gabihodoroaga/speedtest-api/pkg/api/netflix.go:42.16,44.3 1 0
github.com/gabihodoroaga/speedtest-api/pkg/api/ookla.go:23.67,25.2 1 0
github.com/gabihodoroaga/speedtest-api/pkg/api/ookla.go:28.31,30.2 1 0
github.com/gabihodoroaga/speedtest-api/pkg/api/ookla.go:33.46,35.2 1 0
github.com/gabihodoroaga/speedtest-api/pkg/api/ookla.go:38.25,40.2 1 0
github.com/gabihodoroaga/speedtest-api/pkg/api/ookla.go:43.25,45.2 1 0
github.com/gabihodoroaga/speedtest-api/pkg/api/ookla.go:55.58,57.16 2 1
github.com/gabihodoroaga/speedtest-api/pkg/api/ookla.go:61.2,63.16 2 1
github.com/gabihodoroaga/speedtest-api/pkg/api/ookla.go:67.2,68.16 2 1
github.com/gabihodoroaga/speedtest-api/pkg/api/ookla.go:72.2,72.23 1 1
github.com/gabihodoroaga/speedtest-api/pkg/api/ookla.go:76.2,77.68 2 1
github.com/gabihodoroaga/speedtest-api/pkg/api/ookla.go:81.2,81.66 1 1
github.com/gabihodoroaga/speedtest-api/pkg/api/ookla.go:85.2,85.75 1 0
github.com/gabihodoroaga/speedtest-api/pkg/api/ookla.go:57.16,59.3 1 1
github.com/gabihodoroaga/speedtest-api/pkg/api/ookla.go:63.16,65.3 1 1
github.com/gabihodoroaga/speedtest-api/pkg/api/ookla.go:68.16,70.3 1 1
github.com/gabihodoroaga/speedtest-api/pkg/api/ookla.go:72.23,74.3 1 1
github.com/gabihodoroaga/speedtest-api/pkg/api/ookla.go:77.68,79.3 1 1
github.com/gabihodoroaga/speedtest-api/pkg/api/ookla.go:81.66,83.3 1 1
github.com/gabihodoroaga/speedtest-api/pkg/api/api.go:31.60,34.18 2 1
github.com/gabihodoroaga/speedtest-api/pkg/api/api.go:43.2,43.33 1 0
github.com/gabihodoroaga/speedtest-api/pkg/api/api.go:35.13,36.34 1 0
github.com/gabihodoroaga/speedtest-api/pkg/api/api.go:37.15,38.36 1 0
github.com/gabihodoroaga/speedtest-api/pkg/api/api.go:39.10,40.63 1 1
